\BOOKMARK [0][-]{chapter.1}{Introducci\363n}{}% 1
\BOOKMARK [1][-]{section.1.1}{Motivaci\363n}{chapter.1}% 2
\BOOKMARK [0][-]{chapter.2}{An\341lisis}{}% 3
\BOOKMARK [1][-]{section.2.1}{Estudio de mercado}{chapter.2}% 4
\BOOKMARK [2][-]{subsection.2.1.1}{Dropbox citadropbox}{section.2.1}% 5
\BOOKMARK [2][-]{subsection.2.1.2}{Google Drive citagoogledrive}{section.2.1}% 6
\BOOKMARK [2][-]{subsection.2.1.3}{Mega citamega}{section.2.1}% 7
\BOOKMARK [2][-]{subsection.2.1.4}{OneDrive citaonedrive}{section.2.1}% 8
\BOOKMARK [1][-]{section.2.2}{Objetivos del sistema}{chapter.2}% 9
\BOOKMARK [1][-]{section.2.3}{Requisitos funcionales del sistema}{chapter.2}% 10
\BOOKMARK [1][-]{section.2.4}{Requisitos no funcionales del sistema}{chapter.2}% 11
\BOOKMARK [1][-]{section.2.5}{Requisitos de informaci\363n}{chapter.2}% 12
\BOOKMARK [1][-]{section.2.6}{Casos de uso}{chapter.2}% 13
\BOOKMARK [2][-]{subsection.2.6.1}{Descripci\363n de los actores}{section.2.6}% 14
\BOOKMARK [2][-]{subsection.2.6.2}{Diagramas del modelo de casos de uso}{section.2.6}% 15
\BOOKMARK [2][-]{subsection.2.6.3}{Descripci\363n de los casos de uso}{section.2.6}% 16
\BOOKMARK [2][-]{subsection.2.6.4}{Diagrama de clases del dise\361o}{section.2.6}% 17
\BOOKMARK [0][-]{chapter.3}{Dise\361o}{}% 18
\BOOKMARK [1][-]{section.3.1}{Backend}{chapter.3}% 19
\BOOKMARK [2][-]{subsection.3.1.1}{Patr\363n Modelo-Vista-Controlador \(MVC\)}{section.3.1}% 20
\BOOKMARK [2][-]{subsection.3.1.2}{Django}{section.3.1}% 21
\BOOKMARK [2][-]{subsection.3.1.3}{Sistema gestor de base de datos}{section.3.1}% 22
\BOOKMARK [1][-]{section.3.2}{Frontend}{chapter.3}% 23
\BOOKMARK [2][-]{subsection.3.2.1}{jQuery}{section.3.2}% 24
\BOOKMARK [2][-]{subsection.3.2.2}{AJAX}{section.3.2}% 25
\BOOKMARK [2][-]{subsection.3.2.3}{Twitter Bootstrap}{section.3.2}% 26
\BOOKMARK [0][-]{chapter.4}{Implementaci\363n}{}% 27
\BOOKMARK [1][-]{section.4.1}{Entorno de trabajo}{chapter.4}% 28
\BOOKMARK [1][-]{section.4.2}{Estructura del proyecto}{chapter.4}% 29
\BOOKMARK [2][-]{subsection.4.2.1}{Fichero de configuraci\363n settings.py}{section.4.2}% 30
\BOOKMARK [2][-]{subsection.4.2.2}{Fichero de configuraci\363n urls.py}{section.4.2}% 31
\BOOKMARK [2][-]{subsection.4.2.3}{Fichero views.py}{section.4.2}% 32
\BOOKMARK [2][-]{subsection.4.2.4}{Fichero models.py}{section.4.2}% 33
\BOOKMARK [2][-]{subsection.4.2.5}{Fichero forms.py}{section.4.2}% 34
\BOOKMARK [2][-]{subsection.4.2.6}{Fichero urls.py}{section.4.2}% 35
\BOOKMARK [2][-]{subsection.4.2.7}{Directorio templates}{section.4.2}% 36
\BOOKMARK [2][-]{subsection.4.2.8}{Directorio static}{section.4.2}% 37
\BOOKMARK [0][-]{chapter.5}{Pruebas}{}% 38
\BOOKMARK [1][-]{section.5.1}{Pruebas en PC}{chapter.5}% 39
\BOOKMARK [1][-]{section.5.2}{Pruebas en Smartphone/Tablet}{chapter.5}% 40
\BOOKMARK [0][-]{chapter.6}{Conclusiones y trabajos futuros}{}% 41
\BOOKMARK [1][-]{section.6.1}{Conclusiones}{chapter.6}% 42
\BOOKMARK [2][-]{subsection.6.1.1}{Conocimientos adquiridos}{section.6.1}% 43
\BOOKMARK [1][-]{section.6.2}{Trabajos futuros}{chapter.6}% 44
\BOOKMARK [0][-]{chapter.7}{Manual de usuario}{}% 45
