\BOOKMARK [1][-]{section.1}{Sobre drawercloud}{}% 1
\BOOKMARK [2][-]{subsection.1.1}{Resumen}{section.1}% 2
\BOOKMARK [2][-]{subsection.1.2}{Motivaci\363n}{section.1}% 3
\BOOKMARK [1][-]{section.2}{An\341lisis}{}% 4
\BOOKMARK [2][-]{subsection.2.1}{Estudio de mercado}{section.2}% 5
\BOOKMARK [3][-]{subsubsection.2.1.1}{Dropbox citadropbox}{subsection.2.1}% 6
\BOOKMARK [3][-]{subsubsection.2.1.2}{Google Drive citagoogledrive}{subsection.2.1}% 7
\BOOKMARK [3][-]{subsubsection.2.1.3}{Mega citamega}{subsection.2.1}% 8
\BOOKMARK [3][-]{subsubsection.2.1.4}{OneDrive citaonedrive}{subsection.2.1}% 9
\BOOKMARK [2][-]{subsection.2.2}{Objetivos del sistema}{section.2}% 10
\BOOKMARK [2][-]{subsection.2.3}{Requisitos funcionales del sistema}{section.2}% 11
\BOOKMARK [2][-]{subsection.2.4}{Requisitos no funcionales del sistema}{section.2}% 12
\BOOKMARK [2][-]{subsection.2.5}{Requisitos de informaci\363n}{section.2}% 13
\BOOKMARK [2][-]{subsection.2.6}{Casos de uso}{section.2}% 14
\BOOKMARK [3][-]{subsubsection.2.6.1}{Descripci\363n de los actores}{subsection.2.6}% 15
\BOOKMARK [3][-]{subsubsection.2.6.2}{Diagramas del modelo de casos de uso}{subsection.2.6}% 16
\BOOKMARK [3][-]{subsubsection.2.6.3}{Descripci\363n de los casos de uso}{subsection.2.6}% 17
\BOOKMARK [3][-]{subsubsection.2.6.4}{Diagrama de clases del dise\361o}{subsection.2.6}% 18
\BOOKMARK [1][-]{section.3}{Dise\361o}{}% 19
\BOOKMARK [2][-]{subsection.3.1}{Servidor \(Backend\)}{section.3}% 20
\BOOKMARK [3][-]{subsubsection.3.1.1}{Patr\363n Modelo-Vista-Controlador \(MVC\)}{subsection.3.1}% 21
\BOOKMARK [3][-]{subsubsection.3.1.2}{Django}{subsection.3.1}% 22
\BOOKMARK [3][-]{subsubsection.3.1.3}{Sistema gestor de base de datos}{subsection.3.1}% 23
\BOOKMARK [2][-]{subsection.3.2}{Cliente \(Frontend\)}{section.3}% 24
